<?xml version="1.0" encoding="UTF-8"?>
<!-- Generated by org.testng.reporters.JUnitReportReporter -->
<testsuite skipped="0" hostname="ADMIN-PC" name="testcases.TC_01_PayPal" tests="1" failures="0" timestamp="27 May 2018 13:37:06 GMT" time="26.423" errors="0">
  <testcase name="Paypal" time="26.423" classname="testcases.TC_01_PayPal"/>
</testsuite> <!-- testcases.TC_01_PayPal -->
